<?xml version="1.0" encoding="UTF-8"?>
<!-- Generated by org.testng.reporters.JUnitXMLReporter -->
<testsuite hostname="ICare-Asif-1.local" ignored="0" name="Test" tests="2" failures="1" timestamp="16 Mar 2019 20:18:51 GMT" time="5.401" errors="0">
  <testcase name="testRadioYes" time="0.513" classname="demopkg.ElementsNG"/>
  <testcase name="testRadioNo" time="0.806" classname="demopkg.ElementsNG">
    <failure type="java.lang.AssertionError" message="expected [true] but found [false]">
      <![CDATA[java.lang.AssertionError: expected [true] but found [false]
at demopkg.ElementsNG.testRadioNo(ElementsNG.java:40)
... Removed 29 stack frames]]>
    </failure>
  </testcase> <!-- testRadioNo -->
</testsuite> <!-- Test -->
